
The following files have been resolved:
   org.springframework:spring-beans:jar:5.3.16:compile
   org.springframework.boot:spring-boot-starter-json:jar:2.6.4:compile
   com.fasterxml.jackson.core:jackson-core:jar:2.13.1:compile
   org.springframework.boot:spring-boot:jar:2.6.4:compile
   com.fasterxml.jackson.datatype:jackson-datatype-jsr310:jar:2.13.1:compile
   ch.qos.logback:logback-core:jar:1.2.10:compile
   org.apache.logging.log4j:log4j-to-slf4j:jar:2.17.1:compile
   org.springframework:spring-expression:jar:5.3.16:compile
   org.springframework:spring-core:jar:5.3.16:compile
   org.springframework.boot:spring-boot-starter:jar:2.6.4:compile
   org.springframework:spring-context:jar:5.3.16:compile
   org.springframework:spring-webmvc:jar:5.3.16:compile
   org.slf4j:slf4j-api:jar:1.7.36:compile
   ch.qos.logback:logback-classic:jar:1.2.10:compile
   org.yaml:snakeyaml:jar:1.29:compile
   javax.ws.rs:javax.ws.rs-api:jar:2.0:compile
   org.springframework.boot:spring-boot-starter-tomcat:jar:2.6.4:compile
   com.fasterxml.jackson.datatype:jackson-datatype-jdk8:jar:2.13.1:compile
   jakarta.annotation:jakarta.annotation-api:jar:1.3.5:compile
   org.springframework.boot:spring-boot-autoconfigure:jar:2.6.4:compile
   org.slf4j:jul-to-slf4j:jar:1.7.36:compile
   com.fasterxml.jackson.core:jackson-databind:jar:2.13.1:compile
   org.apache.logging.log4j:log4j-api:jar:2.17.1:compile
   org.springframework:spring-web:jar:5.3.16:compile
   org.springframework:spring-jcl:jar:5.3.16:compile
   org.springframework.boot:spring-boot-starter-web:jar:2.6.4:compile
   com.fasterxml.jackson.core:jackson-annotations:jar:2.13.1:compile
   javax.inject:javax.inject:jar:1:compile
   org.apache.tomcat.embed:tomcat-embed-core:jar:9.0.58:compile
   org.apache.tomcat.embed:tomcat-embed-el:jar:9.0.58:compile
   org.springframework.boot:spring-boot-starter-logging:jar:2.6.4:compile
   org.springframework:spring-aop:jar:5.3.16:compile
   com.fasterxml.jackson.module:jackson-module-parameter-names:jar:2.13.1:compile
   org.apache.tomcat.embed:tomcat-embed-websocket:jar:9.0.58:compile

